<?xml version="1.0" encoding="UTF-8"?>
<!-- Generated by org.testng.reporters.JUnitReportReporter -->
<testsuite hostname="DESKTOP-I7HIKM2" failures="0" tests="12" name="Test.view_reportTest" time="23.473" errors="0" timestamp="2024-06-13T18:25:21 IST" skipped="0">
  <testcase classname="Test.view_reportTest" name="check_searchfor_functionality" time="0.231"/>
  <testcase classname="Test.view_reportTest" name="check_searchby_ID_functionality" time="0.419"/>
  <testcase classname="Test.view_reportTest" name="check_searchby_name_functionality" time="0.474"/>
  <testcase classname="Test.view_reportTest" name="Reset_functionality" time="0.233"/>
  <testcase classname="Test.view_reportTest" name="check_searchfunctionality_Validcredential" time="2.698"/>
  <testcase classname="Test.view_reportTest" name="check_searchfunctionality_withoutinput" time="2.013"/>
  <testcase classname="Test.view_reportTest" name="check_searchfunctionality_withoutSearchBy_enterReportNameinSearchfor" time="2.381"/>
  <testcase classname="Test.view_reportTest" name="check_searchfunctionality_withoutSearchBy_enterReportIDinSearchfor" time="2.866"/>
  <testcase classname="Test.view_reportTest" name="check_searchfunctionality_invalid_ID_credential" time="4.574"/>
  <testcase classname="Test.view_reportTest" name="check_searchfunctionality_invalid_NAME_credential" time="2.575"/>
  <testcase classname="Test.view_reportTest" name="check_searchfunctionality_IDselect_onSearchBy_enterReportNameinSearchfor" time="2.489"/>
  <testcase classname="Test.view_reportTest" name="check_searchfunctionality_Nameselect_onSearchBy_enterReportIDinSearchfor" time="2.520"/>
</testsuite> <!-- Test.view_reportTest -->
