<?xml version="1.0" encoding="UTF-8"?>
<!-- Generated by org.testng.reporters.JUnitReportReporter -->
<testsuite hostname="DESKTOP-I7HIKM2" failures="0" tests="7" name="Test.LoginTest" time="18.893" errors="0" timestamp="2024-06-12T10:34:04 IST" skipped="0">
  <testcase classname="Test.LoginTest" name="Login_invalidusername_invalidpassword" time="3.255"/>
  <testcase classname="Test.LoginTest" name="login_without_entering_credentials" time="1.023"/>
  <testcase classname="Test.LoginTest" name="login_TestCase_invalidUsername_blankPassword" time="1.142"/>
  <testcase classname="Test.LoginTest" name="Login_invalidusername_validpassword" time="3.118"/>
  <testcase classname="Test.LoginTest" name="Login_validusername_invalidpassword" time="2.228"/>
  <testcase classname="Test.LoginTest" name="Login_blankusername_invalidpassword" time="0.940"/>
  <testcase classname="Test.LoginTest" name="Login_validusername_validpassword" time="7.187"/>
</testsuite> <!-- Test.LoginTest -->
