<?xml version="1.0" encoding="UTF-8"?>
<!-- Generated by org.testng.reporters.JUnitReportReporter -->
<testsuite hostname="DESKTOP-I7HIKM2" failures="0" tests="1" name="Test.ReportTest" time="6.689" errors="0" timestamp="2024-06-12T21:53:56 IST" skipped="0">
  <testcase classname="Test.ReportTest" name="check_navigateto_definereport" time="6.689"/>
</testsuite> <!-- Test.ReportTest -->
